<?xml version="1.0" encoding="UTF-8"?>
<testsuite name="tibbo.grep.TestGrep" tests="2" skipped="0" failures="0" errors="0" timestamp="2019-07-10T17:31:14" hostname="DESKTOP-PM9E2B1" time="0.146">
  <properties/>
  <testcase name="testRegExpGrep" classname="tibbo.grep.TestGrep" time="0.093"/>
  <testcase name="testStringGrep" classname="tibbo.grep.TestGrep" time="0.053"/>
  <system-out><![CDATA[	at org.apache.ignite.internal.processors.query.h2.IgniteH2Indexing.prepare0(IgniteH2Indexing.java:539)
	at org.apache.ignite.internal.processors.query.h2.IgniteH2Indexing.prepareStatement(IgniteH2Indexing.java:509)
	at org.apache.ignite.internal.processors.query.h2.IgniteH2Indexing.prepareStatement(IgniteH2Indexing.java:476)
	at org.apache.ignite.internal.processors.query.h2.IgniteH2Indexing.prepareStatementAndCaches(IgniteH2Indexing.java:2629)
	at org.apache.ignite.internal.processors.query.h2.IgniteH2Indexing.prepareStatementAndCaches(IgniteH2Indexing.java:2647)
	at org.apache.ignite.internal.processors.query.h2.IgniteH2Indexing.parseAndSplit(IgniteH2Indexing.java:2350)
	at org.apache.ignite.internal.processors.query.h2.IgniteH2Indexing.querySqlFields(IgniteH2Indexing.java:2190)
	at org.apache.ignite.internal.processors.query.GridQueryProcessor$4.applyx(GridQueryProcessor.java:2135)
	at org.apache.ignite.internal.processors.query.GridQueryProcessor$4.applyx(GridQueryProcessor.java:2130)
	at org.apache.ignite.internal.util.lang.IgniteOutClosureX.apply(IgniteOutClosureX.java:36)
	at org.apache.ignite.internal.processors.query.GridQueryProcessor.executeQuery(GridQueryProcessor.java:2707)
	at org.apache.ignite.internal.processors.query.GridQueryProcessor.querySqlFields(GridQueryProcessor.java:2144)
	at org.apache.ignite.internal.processors.odbc.jdbc.JdbcRequestHandler.executeQuery(JdbcRequestHandler.java:511)
	at org.apache.ignite.internal.processors.odbc.jdbc.JdbcRequestHandler.doHandle(JdbcRequestHandler.java:245)
	at org.apache.ignite.internal.processors.odbc.jdbc.JdbcRequestHandler.handle(JdbcRequestHandler.java:208)
	at org.apache.ignite.internal.processors.odbc.ClientListenerNioListener.onMessage(ClientListenerNioListener.java:162)
	at org.apache.ignite.internal.processors.odbc.ClientListenerNioListener.onMessage(ClientListenerNioListener.java:45)
	at org.apache.ignite.internal.util.nio.GridNioFilterChain$TailFilter.onMessageReceived(GridNioFilterChain.java:279)
	at org.apache.ignite.internal.util.nio.GridNioFilterAdapter.proceedMessageReceived(GridNioFilterAdapter.java:109)
	at org.apache.ignite.internal.util.nio.GridNioAsyncNotifyFilter$3.body(GridNioAsyncNotifyFilter.java:97)
	at org.apache.ignite.internal.util.worker.GridWorker.run(GridWorker.java:120)
	at org.apache.ignite.internal.util.worker.GridWorkerPool$1.run(GridWorkerPool.java:70)
	at org.apache.ignite.internal.processors.query.h2.IgniteH2Indexing.prepare0(IgniteH2Indexing.java:539)
	at org.apache.ignite.internal.processors.query.h2.IgniteH2Indexing.prepareStatement(IgniteH2Indexing.java:509)
	at org.apache.ignite.internal.processors.query.h2.IgniteH2Indexing.prepareStatement(IgniteH2Indexing.java:476)
	at org.apache.ignite.internal.processors.query.h2.IgniteH2Indexing.prepareStatementAndCaches(IgniteH2Indexing.java:2629)
	at org.apache.ignite.internal.processors.query.h2.IgniteH2Indexing.prepareStatementAndCaches(IgniteH2Indexing.java:2647)
	at org.apache.ignite.internal.processors.query.h2.IgniteH2Indexing.parseAndSplit(IgniteH2Indexing.java:2350)
	at org.apache.ignite.internal.processors.query.h2.IgniteH2Indexing.querySqlFields(IgniteH2Indexing.java:2190)
org.apache.ignite.internal.processors.query.h2.IgniteH2Indexing.prepare0(IgniteH2Indexing.java:539)
	at
org.apache.ignite.internal.processors.query.h2.IgniteH2Indexing.prepareStatement(IgniteH2Indexing.java:509)
	at
org.apache.ignite.internal.processors.query.h2.IgniteH2Indexing.prepareStatement(IgniteH2Indexing.java:476)
	at
org.apache.ignite.internal.processors.query.h2.IgniteH2Indexing.prepareStatementAndCaches(IgniteH2Indexing.java:2629)
	at
org.apache.ignite.internal.processors.query.h2.IgniteH2Indexing.prepareStatementAndCaches(IgniteH2Indexing.java:2647)
	at
org.apache.ignite.internal.processors.query.h2.IgniteH2Indexing.parseAndSplit(IgniteH2Indexing.java:2350)
	at
org.apache.ignite.internal.processors.query.h2.IgniteH2Indexing.querySqlFields(IgniteH2Indexing.java:2190)
	at
org.apache.ignite.internal.processors.query.GridQueryProcessor$4.applyx(GridQueryProcessor.java:2135)
	at
org.apache.ignite.internal.processors.query.GridQueryProcessor$4.applyx(GridQueryProcessor.java:2130)
	at
org.apache.ignite.internal.util.lang.IgniteOutClosureX.apply(IgniteOutClosureX.java:36)
	at
org.apache.ignite.internal.processors.query.GridQueryProcessor.executeQuery(GridQueryProcessor.java:2707)
	at
org.apache.ignite.internal.processors.query.GridQueryProcessor.querySqlFields(GridQueryProcessor.java:2144)
	at
org.apache.ignite.internal.processors.odbc.jdbc.JdbcRequestHandler.executeQuery(JdbcRequestHandler.java:511)
	at
org.apache.ignite.internal.processors.odbc.jdbc.JdbcRequestHandler.doHandle(JdbcRequestHandler.java:245)
	at
org.apache.ignite.internal.processors.odbc.jdbc.JdbcRequestHandler.handle(JdbcRequestHandler.java:208)
	at
org.apache.ignite.internal.processors.odbc.ClientListenerNioListener.onMessage(ClientListenerNioListener.java:162)
	at
org.apache.ignite.internal.processors.odbc.ClientListenerNioListener.onMessage(ClientListenerNioListener.java:45)
	at
org.apache.ignite.internal.util.nio.GridNioFilterChain$TailFilter.onMessageReceived(GridNioFilterChain.java:279)
	at
org.apache.ignite.internal.util.nio.GridNioFilterAdapter.proceedMessageReceived(GridNioFilterAdapter.java:109)
	at
org.apache.ignite.internal.util.nio.GridNioAsyncNotifyFilter$3.body(GridNioAsyncNotifyFilter.java:97)
	at
org.apache.ignite.internal.util.worker.GridWorker.run(GridWorker.java:120)
	at
org.apache.ignite.internal.util.worker.GridWorkerPool$1.run(GridWorkerPool.java:70)
	at
	at org.apache.ignite.internal.processors.query.h2.IgniteH2Indexing.prepare0(IgniteH2Indexing.java:539)
	at org.apache.ignite.internal.processors.query.h2.IgniteH2Indexing.prepareStatement(IgniteH2Indexing.java:509)
	at org.apache.ignite.internal.processors.query.h2.IgniteH2Indexing.prepareStatement(IgniteH2Indexing.java:476)
	at org.apache.ignite.internal.processors.query.h2.IgniteH2Indexing.prepareStatementAndCaches(IgniteH2Indexing.java:2629)
	at org.apache.ignite.internal.processors.query.h2.IgniteH2Indexing.prepareStatementAndCaches(IgniteH2Indexing.java:2647)
	at org.apache.ignite.internal.processors.query.h2.IgniteH2Indexing.parseAndSplit(IgniteH2Indexing.java:2350)
	at org.apache.ignite.internal.processors.query.h2.IgniteH2Indexing.querySqlFields(IgniteH2Indexing.java:2190)
	at org.apache.ignite.internal.processors.query.GridQueryProcessor$4.applyx(GridQueryProcessor.java:2135)
	at org.apache.ignite.internal.processors.query.GridQueryProcessor$4.applyx(GridQueryProcessor.java:2130)
	at org.apache.ignite.internal.util.lang.IgniteOutClosureX.apply(IgniteOutClosureX.java:36)
	at org.apache.ignite.internal.processors.query.GridQueryProcessor.executeQuery(GridQueryProcessor.java:2707)
	at org.apache.ignite.internal.processors.query.GridQueryProcessor.querySqlFields(GridQueryProcessor.java:2144)
	at org.apache.ignite.internal.processors.odbc.jdbc.JdbcRequestHandler.executeQuery(JdbcRequestHandler.java:511)
	at org.apache.ignite.internal.processors.odbc.jdbc.JdbcRequestHandler.doHandle(JdbcRequestHandler.java:245)
	at org.apache.ignite.internal.processors.odbc.jdbc.JdbcRequestHandler.handle(JdbcRequestHandler.java:208)
	at org.apache.ignite.internal.processors.odbc.ClientListenerNioListener.onMessage(ClientListenerNioListener.java:162)
	at org.apache.ignite.internal.processors.odbc.ClientListenerNioListener.onMessage(ClientListenerNioListener.java:45)
	at org.apache.ignite.internal.util.nio.GridNioFilterChain$TailFilter.onMessageReceived(GridNioFilterChain.java:279)
	at org.apache.ignite.internal.util.nio.GridNioFilterAdapter.proceedMessageReceived(GridNioFilterAdapter.java:109)
	at org.apache.ignite.internal.util.nio.GridNioAsyncNotifyFilter$3.body(GridNioAsyncNotifyFilter.java:97)
	at org.apache.ignite.internal.util.worker.GridWorker.run(GridWorker.java:120)
	at org.apache.ignite.internal.util.worker.GridWorkerPool$1.run(GridWorkerPool.java:70)
	at org.apache.ignite.internal.processors.query.h2.IgniteH2Indexing.prepare0(IgniteH2Indexing.java:539)
	at org.apache.ignite.internal.processors.query.h2.IgniteH2Indexing.prepareStatement(IgniteH2Indexing.java:509)
	at org.apache.ignite.internal.processors.query.h2.IgniteH2Indexing.prepareStatement(IgniteH2Indexing.java:476)
	at org.apache.ignite.internal.processors.query.h2.IgniteH2Indexing.prepareStatementAndCaches(IgniteH2Indexing.java:2629)
	at org.apache.ignite.internal.processors.query.h2.IgniteH2Indexing.prepareStatementAndCaches(IgniteH2Indexing.java:2647)
	at org.apache.ignite.internal.processors.query.h2.IgniteH2Indexing.parseAndSplit(IgniteH2Indexing.java:2350)
	at org.apache.ignite.internal.processors.query.h2.IgniteH2Indexing.querySqlFields(IgniteH2Indexing.java:2190)
org.apache.ignite.internal.processors.query.h2.IgniteH2Indexing.prepare0(IgniteH2Indexing.java:539)
	at
org.apache.ignite.internal.processors.query.h2.IgniteH2Indexing.prepareStatement(IgniteH2Indexing.java:509)
	at
org.apache.ignite.internal.processors.query.h2.IgniteH2Indexing.prepareStatement(IgniteH2Indexing.java:476)
	at
org.apache.ignite.internal.processors.query.h2.IgniteH2Indexing.prepareStatementAndCaches(IgniteH2Indexing.java:2629)
	at
org.apache.ignite.internal.processors.query.h2.IgniteH2Indexing.prepareStatementAndCaches(IgniteH2Indexing.java:2647)
	at
org.apache.ignite.internal.processors.query.h2.IgniteH2Indexing.parseAndSplit(IgniteH2Indexing.java:2350)
	at
org.apache.ignite.internal.processors.query.h2.IgniteH2Indexing.querySqlFields(IgniteH2Indexing.java:2190)
	at
org.apache.ignite.internal.processors.query.GridQueryProcessor$4.applyx(GridQueryProcessor.java:2135)
	at
org.apache.ignite.internal.processors.query.GridQueryProcessor$4.applyx(GridQueryProcessor.java:2130)
	at
org.apache.ignite.internal.util.lang.IgniteOutClosureX.apply(IgniteOutClosureX.java:36)
	at
org.apache.ignite.internal.processors.query.GridQueryProcessor.executeQuery(GridQueryProcessor.java:2707)
	at
org.apache.ignite.internal.processors.query.GridQueryProcessor.querySqlFields(GridQueryProcessor.java:2144)
	at
org.apache.ignite.internal.processors.odbc.jdbc.JdbcRequestHandler.executeQuery(JdbcRequestHandler.java:511)
	at
org.apache.ignite.internal.processors.odbc.jdbc.JdbcRequestHandler.doHandle(JdbcRequestHandler.java:245)
	at
org.apache.ignite.internal.processors.odbc.jdbc.JdbcRequestHandler.handle(JdbcRequestHandler.java:208)
	at
org.apache.ignite.internal.processors.odbc.ClientListenerNioListener.onMessage(ClientListenerNioListener.java:162)
	at
org.apache.ignite.internal.processors.odbc.ClientListenerNioListener.onMessage(ClientListenerNioListener.java:45)
	at
org.apache.ignite.internal.util.nio.GridNioFilterChain$TailFilter.onMessageReceived(GridNioFilterChain.java:279)
	at
org.apache.ignite.internal.util.nio.GridNioFilterAdapter.proceedMessageReceived(GridNioFilterAdapter.java:109)
	at
org.apache.ignite.internal.util.nio.GridNioAsyncNotifyFilter$3.body(GridNioAsyncNotifyFilter.java:97)
	at
org.apache.ignite.internal.util.worker.GridWorker.run(GridWorker.java:120)
	at
org.apache.ignite.internal.util.worker.GridWorkerPool$1.run(GridWorkerPool.java:70)
	at
]]></system-out>
  <system-err><![CDATA[]]></system-err>
</testsuite>
