<?xml version="1.0" encoding="UTF-8"?>
<testsuite name="TestServerConnection" tests="5" skipped="0" failures="0" errors="0" timestamp="2019-07-25T06:58:52" hostname="DESKTOP-PM9E2B1" time="10.758">
  <properties/>
  <testcase name="testCalculatorSqrt" classname="TestServerConnection" time="0.353"/>
  <testcase name="testCalculator" classname="TestServerConnection" time="0.038"/>
  <testcase name="testServerConnection" classname="TestServerConnection" time="10.022"/>
  <testcase name="testCalculatorAdvanced" classname="TestServerConnection" time="0.247"/>
  <testcase name="testCalculatorMultiple" classname="TestServerConnection" time="0.09"/>
  <system-out><![CDATA[waiting for accept...
wait 
accepted
wait 
Thread is running!
Message accepted: sqrt(144)
Message accepted: sqrt(144)*200
Message accepted: sqrt(4096)/8
Socket was closed before its recieve smth
waiting for accept...
wait 
accepted
wait 
Thread is running!
Invalid Expression was accepted
Message accepted: First message
Message accepted: 2 * (2 + 2)
Message accepted: (3 + 4) * 5
Message accepted: pow(pow(pow(2, 2), 2), 2)
Socket was closed before its recieve smth
waiting for accept...
wait 
accepted
wait 
accepted
wait 
accepted
wait 
Thread is running!
Thread is running!
Invalid Expression was accepted
Message accepted: secondMessage
Thread is running!
Invalid Expression was accepted
Message accepted: Third Message
Invalid Expression was accepted
Message accepted: First message
waiting for accept...
Socket was closed before its recieve smth
wait 
accepted
wait 
Thread is running!
Message accepted: sqrt(9000)
Message accepted: round(94.86832980505137*1000)/1000
Message accepted: 94.868*55.386
Message accepted: 5254.359048/exp(1)
Message accepted: round(1932.9706702923518)
Socket was closed before its recieve smth
waiting for accept...
wait 
accepted
wait 
accepted
wait 
Thread is running!
Thread is running!
Message accepted: sqrt(666)-pow(5,2)
Message accepted: floor(0.80697580112788) + 28.8
Message accepted: 28.8*55.386
Message accepted: acos(1595.1168)
Socket was closed before its recieve smth
]]></system-out>
  <system-err><![CDATA[]]></system-err>
</testsuite>
